Warnings in file C:\Users\user\Desktop\test\source\au_top.luc:
    Line 41, Column 6 : "ctr" was never used
Starting Vivado...

****** Vivado v2021.2 (64-bit)
  **** SW Build 3367213 on Tue Oct 19 02:48:09 MDT 2021
  **** IP Build 3369179 on Thu Oct 21 08:25:16 MDT 2021
    ** Copyright 1986-2021 Xilinx, Inc. All Rights Reserved.

source {C:\Users\user\Desktop\test\work\project.tcl}
# set projDir "C:/Users/user/Desktop/test/work/vivado"
# set projName "test"
# set topName top
# set device xc7a35tftg256-1
# if {[file exists "$projDir/$projName"]} { file delete -force "$projDir/$projName" }
# create_project $projName "$projDir/$projName" -part $device
# set_property design_mode RTL [get_filesets sources_1]
# set verilogSources [list "C:/Users/user/Desktop/test/work/verilog/au_top_0.v" "C:/Users/user/Desktop/test/work/verilog/alu_1.v" "C:/Users/user/Desktop/test/work/verilog/reset_conditioner_2.v" "C:/Users/user/Desktop/test/work/verilog/counter_3.v" "C:/Users/user/Desktop/test/work/verilog/multi_seven_seg_4.v" "C:/Users/user/Desktop/test/work/verilog/adder_5.v" "C:/Users/user/Desktop/test/work/verilog/shifter_6.v" "C:/Users/user/Desktop/test/work/verilog/comparator_7.v" "C:/Users/user/Desktop/test/work/verilog/boolean_8.v" "C:/Users/user/Desktop/test/work/verilog/counter_9.v" "C:/Users/user/Desktop/test/work/verilog/seven_seg_10.v" "C:/Users/user/Desktop/test/work/verilog/decoder_11.v" ]
# import_files -fileset [get_filesets sources_1] -force -norecurse $verilogSources
# set xdcSources [list "D:/Program\ File\ D/library/components/au.xdc" "C:/Users/user/Desktop/test/work/constraint/alchitry.xdc" "C:/Users/user/Desktop/test/work/constraint/io.xdc" ]
# read_xdc $xdcSources
# set_property STEPS.WRITE_BITSTREAM.ARGS.BIN_FILE true [get_runs impl_1]
# update_compile_order -fileset sources_1
# launch_runs -runs synth_1 -jobs 8
WARNING: [Vivado 12-7122] Auto Incremental Compile:: No reference checkpoint was found in run synth_1. Auto-incremental flow will not be run, the standard flow will be run instead.
[Tue Mar 15 01:51:46 2022] Launched synth_1...
Run output will be captured here: C:/Users/user/Desktop/test/work/vivado/test/test.runs/synth_1/runme.log
# wait_on_run synth_1
[Tue Mar 15 01:51:46 2022] Waiting for synth_1 to finish...


*** Running vivado
    with args -log au_top_0.vds -m64 -product Vivado -mode batch -messageDb vivado.pb -notrace -source au_top_0.tcl



****** Vivado v2021.2 (64-bit)
  **** SW Build 3367213 on Tue Oct 19 02:48:09 MDT 2021
  **** IP Build 3369179 on Thu Oct 21 08:25:16 MDT 2021
    ** Copyright 1986-2021 Xilinx, Inc. All Rights Reserved.

source au_top_0.tcl -notrace
Command: synth_design -top au_top_0 -part xc7a35tftg256-1
Starting synth_design
Attempting to get a license for feature 'Synthesis' and/or device 'xc7a35t'
INFO: [Common 17-349] Got license for feature 'Synthesis' and/or device 'xc7a35t'
INFO: [Device 21-403] Loading part xc7a35tftg256-1
INFO: [Synth 8-7079] Multithreading enabled for synth_design using a maximum of 2 processes.
INFO: [Synth 8-7078] Launching helper process for spawning children vivado processes
INFO: [Synth 8-7075] Helper process launched with PID 488
---------------------------------------------------------------------------------
Starting RTL Elaboration : Time (s): cpu = 00:00:05 ; elapsed = 00:00:06 . Memory (MB): peak = 1246.859 ; gain = 0.000
---------------------------------------------------------------------------------
INFO: [Synth 8-6157] synthesizing module 'au_top_0' [C:/Users/user/Desktop/test/work/vivado/test/test.srcs/sources_1/imports/verilog/au_top_0.v:7]
INFO: [Synth 8-6157] synthesizing module 'alu_1' [C:/Users/user/Desktop/test/work/vivado/test/test.srcs/sources_1/imports/verilog/alu_1.v:7]
INFO: [Synth 8-6157] synthesizing module 'adder_5' [C:/Users/user/Desktop/test/work/vivado/test/test.srcs/sources_1/imports/verilog/adder_5.v:7]
INFO: [Synth 8-6155] done synthesizing module 'adder_5' (1#1) [C:/Users/user/Desktop/test/work/vivado/test/test.srcs/sources_1/imports/verilog/adder_5.v:7]
INFO: [Synth 8-6157] synthesizing module 'shifter_6' [C:/Users/user/Desktop/test/work/vivado/test/test.srcs/sources_1/imports/verilog/shifter_6.v:7]
INFO: [Synth 8-6155] done synthesizing module 'shifter_6' (2#1) [C:/Users/user/Desktop/test/work/vivado/test/test.srcs/sources_1/imports/verilog/shifter_6.v:7]
INFO: [Synth 8-6157] synthesizing module 'comparator_7' [C:/Users/user/Desktop/test/work/vivado/test/test.srcs/sources_1/imports/verilog/comparator_7.v:7]
INFO: [Synth 8-6155] done synthesizing module 'comparator_7' (3#1) [C:/Users/user/Desktop/test/work/vivado/test/test.srcs/sources_1/imports/verilog/comparator_7.v:7]
INFO: [Synth 8-6157] synthesizing module 'boolean_8' [C:/Users/user/Desktop/test/work/vivado/test/test.srcs/sources_1/imports/verilog/boolean_8.v:7]
INFO: [Synth 8-6155] done synthesizing module 'boolean_8' (4#1) [C:/Users/user/Desktop/test/work/vivado/test/test.srcs/sources_1/imports/verilog/boolean_8.v:7]
INFO: [Synth 8-226] default block is never used [C:/Users/user/Desktop/test/work/vivado/test/test.srcs/sources_1/imports/verilog/alu_1.v:96]
INFO: [Synth 8-6155] done synthesizing module 'alu_1' (5#1) [C:/Users/user/Desktop/test/work/vivado/test/test.srcs/sources_1/imports/verilog/alu_1.v:7]
INFO: [Synth 8-6157] synthesizing module 'reset_conditioner_2' [C:/Users/user/Desktop/test/work/vivado/test/test.srcs/sources_1/imports/verilog/reset_conditioner_2.v:11]
INFO: [Synth 8-6155] done synthesizing module 'reset_conditioner_2' (6#1) [C:/Users/user/Desktop/test/work/vivado/test/test.srcs/sources_1/imports/verilog/reset_conditioner_2.v:11]
INFO: [Synth 8-6157] synthesizing module 'counter_3' [C:/Users/user/Desktop/test/work/vivado/test/test.srcs/sources_1/imports/verilog/counter_3.v:14]
INFO: [Synth 8-6155] done synthesizing module 'counter_3' (7#1) [C:/Users/user/Desktop/test/work/vivado/test/test.srcs/sources_1/imports/verilog/counter_3.v:14]
INFO: [Synth 8-6157] synthesizing module 'multi_seven_seg_4' [C:/Users/user/Desktop/test/work/vivado/test/test.srcs/sources_1/imports/verilog/multi_seven_seg_4.v:12]
INFO: [Synth 8-6157] synthesizing module 'counter_9' [C:/Users/user/Desktop/test/work/vivado/test/test.srcs/sources_1/imports/verilog/counter_9.v:14]
INFO: [Synth 8-6155] done synthesizing module 'counter_9' (8#1) [C:/Users/user/Desktop/test/work/vivado/test/test.srcs/sources_1/imports/verilog/counter_9.v:14]
INFO: [Synth 8-6157] synthesizing module 'seven_seg_10' [C:/Users/user/Desktop/test/work/vivado/test/test.srcs/sources_1/imports/verilog/seven_seg_10.v:7]
INFO: [Synth 8-6155] done synthesizing module 'seven_seg_10' (9#1) [C:/Users/user/Desktop/test/work/vivado/test/test.srcs/sources_1/imports/verilog/seven_seg_10.v:7]
INFO: [Synth 8-6157] synthesizing module 'decoder_11' [C:/Users/user/Desktop/test/work/vivado/test/test.srcs/sources_1/imports/verilog/decoder_11.v:11]
INFO: [Synth 8-6155] done synthesizing module 'decoder_11' (10#1) [C:/Users/user/Desktop/test/work/vivado/test/test.srcs/sources_1/imports/verilog/decoder_11.v:11]
INFO: [Synth 8-6155] done synthesizing module 'multi_seven_seg_4' (11#1) [C:/Users/user/Desktop/test/work/vivado/test/test.srcs/sources_1/imports/verilog/multi_seven_seg_4.v:12]
INFO: [Synth 8-155] case statement is not full and has no default [C:/Users/user/Desktop/test/work/vivado/test/test.srcs/sources_1/imports/verilog/au_top_0.v:109]
INFO: [Synth 8-155] case statement is not full and has no default [C:/Users/user/Desktop/test/work/vivado/test/test.srcs/sources_1/imports/verilog/au_top_0.v:359]
INFO: [Synth 8-6155] done synthesizing module 'au_top_0' (12#1) [C:/Users/user/Desktop/test/work/vivado/test/test.srcs/sources_1/imports/verilog/au_top_0.v:7]
WARNING: [Synth 8-3917] design au_top_0 has port led[7] driven by constant 0
WARNING: [Synth 8-3917] design au_top_0 has port led[6] driven by constant 0
WARNING: [Synth 8-3917] design au_top_0 has port led[5] driven by constant 0
WARNING: [Synth 8-3917] design au_top_0 has port led[4] driven by constant 0
WARNING: [Synth 8-3917] design au_top_0 has port led[3] driven by constant 0
WARNING: [Synth 8-3917] design au_top_0 has port led[2] driven by constant 0
WARNING: [Synth 8-3917] design au_top_0 has port led[1] driven by constant 0
WARNING: [Synth 8-3917] design au_top_0 has port led[0] driven by constant 0
WARNING: [Synth 8-7129] Port alusignal[5] in module boolean_8 is either unconnected or has no load
WARNING: [Synth 8-7129] Port alusignal[4] in module boolean_8 is either unconnected or has no load
WARNING: [Synth 8-7129] Port alusignal[5] in module comparator_7 is either unconnected or has no load
WARNING: [Synth 8-7129] Port alusignal[4] in module comparator_7 is either unconnected or has no load
WARNING: [Synth 8-7129] Port alusignal[3] in module comparator_7 is either unconnected or has no load
WARNING: [Synth 8-7129] Port alusignal[0] in module comparator_7 is either unconnected or has no load
WARNING: [Synth 8-7129] Port b[15] in module shifter_6 is either unconnected or has no load
WARNING: [Synth 8-7129] Port b[14] in module shifter_6 is either unconnected or has no load
WARNING: [Synth 8-7129] Port b[13] in module shifter_6 is either unconnected or has no load
WARNING: [Synth 8-7129] Port b[12] in module shifter_6 is either unconnected or has no load
WARNING: [Synth 8-7129] Port b[11] in module shifter_6 is either unconnected or has no load
WARNING: [Synth 8-7129] Port b[10] in module shifter_6 is either unconnected or has no load
WARNING: [Synth 8-7129] Port b[9] in module shifter_6 is either unconnected or has no load
WARNING: [Synth 8-7129] Port b[8] in module shifter_6 is either unconnected or has no load
WARNING: [Synth 8-7129] Port b[7] in module shifter_6 is either unconnected or has no load
WARNING: [Synth 8-7129] Port b[6] in module shifter_6 is either unconnected or has no load
WARNING: [Synth 8-7129] Port b[5] in module shifter_6 is either unconnected or has no load
WARNING: [Synth 8-7129] Port b[4] in module shifter_6 is either unconnected or has no load
WARNING: [Synth 8-7129] Port alusignal[5] in module shifter_6 is either unconnected or has no load
WARNING: [Synth 8-7129] Port alusignal[4] in module shifter_6 is either unconnected or has no load
WARNING: [Synth 8-7129] Port alusignal[3] in module shifter_6 is either unconnected or has no load
WARNING: [Synth 8-7129] Port alusignal[2] in module shifter_6 is either unconnected or has no load
WARNING: [Synth 8-7129] Port alusignal[5] in module adder_5 is either unconnected or has no load
WARNING: [Synth 8-7129] Port alusignal[4] in module adder_5 is either unconnected or has no load
WARNING: [Synth 8-7129] Port alusignal[3] in module adder_5 is either unconnected or has no load
WARNING: [Synth 8-7129] Port alusignal[2] in module adder_5 is either unconnected or has no load
WARNING: [Synth 8-7129] Port alusignal[1] in module adder_5 is either unconnected or has no load
WARNING: [Synth 8-7129] Port io_dip[22] in module au_top_0 is either unconnected or has no load
---------------------------------------------------------------------------------
Finished RTL Elaboration : Time (s): cpu = 00:00:06 ; elapsed = 00:00:07 . Memory (MB): peak = 1246.859 ; gain = 0.000
---------------------------------------------------------------------------------
---------------------------------------------------------------------------------
Start Handling Custom Attributes
---------------------------------------------------------------------------------
---------------------------------------------------------------------------------
Finished Handling Custom Attributes : Time (s): cpu = 00:00:07 ; elapsed = 00:00:08 . Memory (MB): peak = 1246.859 ; gain = 0.000
---------------------------------------------------------------------------------
---------------------------------------------------------------------------------
Finished RTL Optimization Phase 1 : Time (s): cpu = 00:00:07 ; elapsed = 00:00:08 . Memory (MB): peak = 1246.859 ; gain = 0.000
---------------------------------------------------------------------------------
Netlist sorting complete. Time (s): cpu = 00:00:00 ; elapsed = 00:00:00.016 . Memory (MB): peak = 1246.859 ; gain = 0.000
INFO: [Project 1-570] Preparing netlist for logic optimization

Processing XDC Constraints
Initializing timing engine
Parsing XDC File [D:/Program File D/library/components/au.xdc]
Finished Parsing XDC File [D:/Program File D/library/components/au.xdc]
Parsing XDC File [C:/Users/user/Desktop/test/work/constraint/alchitry.xdc]
Finished Parsing XDC File [C:/Users/user/Desktop/test/work/constraint/alchitry.xdc]
INFO: [Project 1-236] Implementation specific constraints were found while reading constraint file [C:/Users/user/Desktop/test/work/constraint/alchitry.xdc]. These constraints will be ignored for synthesis but will be used in implementation. Impacted constraints are listed in the file [.Xil/au_top_0_propImpl.xdc].
Resolution: To avoid this warning, move constraints listed in [.Xil/au_top_0_propImpl.xdc] to another XDC file and exclude this new file from synthesis with the used_in_synthesis property (File Properties dialog in GUI) and re-run elaboration/synthesis.
Parsing XDC File [C:/Users/user/Desktop/test/work/constraint/io.xdc]
Finished Parsing XDC File [C:/Users/user/Desktop/test/work/constraint/io.xdc]
INFO: [Project 1-236] Implementation specific constraints were found while reading constraint file [C:/Users/user/Desktop/test/work/constraint/io.xdc]. These constraints will be ignored for synthesis but will be used in implementation. Impacted constraints are listed in the file [.Xil/au_top_0_propImpl.xdc].
Resolution: To avoid this warning, move constraints listed in [.Xil/au_top_0_propImpl.xdc] to another XDC file and exclude this new file from synthesis with the used_in_synthesis property (File Properties dialog in GUI) and re-run elaboration/synthesis.
Completed Processing XDC Constraints

Netlist sorting complete. Time (s): cpu = 00:00:00 ; elapsed = 00:00:00.001 . Memory (MB): peak = 1246.859 ; gain = 0.000
INFO: [Project 1-111] Unisim Transformation Summary:
No Unisim elements were transformed.

Constraint Validation Runtime : Time (s): cpu = 00:00:00 ; elapsed = 00:00:00.003 . Memory (MB): peak = 1246.859 ; gain = 0.000
---------------------------------------------------------------------------------
Finished Constraint Validation : Time (s): cpu = 00:00:16 ; elapsed = 00:00:17 . Memory (MB): peak = 1246.859 ; gain = 0.000
---------------------------------------------------------------------------------
---------------------------------------------------------------------------------
Start Loading Part and Timing Information
---------------------------------------------------------------------------------
Loading part: xc7a35tftg256-1
---------------------------------------------------------------------------------
Finished Loading Part and Timing Information : Time (s): cpu = 00:00:16 ; elapsed = 00:00:17 . Memory (MB): peak = 1246.859 ; gain = 0.000
---------------------------------------------------------------------------------
---------------------------------------------------------------------------------
Start Applying 'set_property' XDC Constraints
---------------------------------------------------------------------------------
---------------------------------------------------------------------------------
Finished applying 'set_property' XDC Constraints : Time (s): cpu = 00:00:16 ; elapsed = 00:00:17 . Memory (MB): peak = 1246.859 ; gain = 0.000
---------------------------------------------------------------------------------
---------------------------------------------------------------------------------
Finished RTL Optimization Phase 2 : Time (s): cpu = 00:00:17 ; elapsed = 00:00:18 . Memory (MB): peak = 1246.859 ; gain = 0.000
---------------------------------------------------------------------------------
---------------------------------------------------------------------------------
Start RTL Component Statistics 
---------------------------------------------------------------------------------
Detailed RTL Component Info : 
+---Adders : 
	   2 Input   18 Bit       Adders := 1     
	   3 Input   16 Bit       Adders := 1     
+---XORs : 
	   2 Input     16 Bit         XORs := 1     
	   2 Input      1 Bit         XORs := 2     
+---Registers : 
	               18 Bit    Registers := 1     
	               16 Bit    Registers := 2     
	                5 Bit    Registers := 1     
	                4 Bit    Registers := 1     
+---Muxes : 
	   3 Input   24 Bit        Muxes := 1     
	   2 Input   18 Bit        Muxes := 1     
	   2 Input   16 Bit        Muxes := 5     
	   4 Input   16 Bit        Muxes := 2     
	   8 Input   16 Bit        Muxes := 1     
	  24 Input   16 Bit        Muxes := 1     
	   2 Input   14 Bit        Muxes := 1     
	   2 Input   13 Bit        Muxes := 4     
	   2 Input   11 Bit        Muxes := 1     
	   4 Input    8 Bit        Muxes := 1     
	   2 Input    7 Bit        Muxes := 1     
	   2 Input    6 Bit        Muxes := 1     
	  24 Input    6 Bit        Muxes := 1     
	   2 Input    5 Bit        Muxes := 13    
	  43 Input    5 Bit        Muxes := 1     
	   2 Input    3 Bit        Muxes := 1     
	  24 Input    3 Bit        Muxes := 1     
	  20 Input    2 Bit        Muxes := 1     
	  24 Input    2 Bit        Muxes := 1     
	   2 Input    2 Bit        Muxes := 1     
	   4 Input    1 Bit        Muxes := 1     
	   2 Input    1 Bit        Muxes := 4     
	  24 Input    1 Bit        Muxes := 3     
	   3 Input    1 Bit        Muxes := 1     
---------------------------------------------------------------------------------
Finished RTL Component Statistics 
---------------------------------------------------------------------------------
---------------------------------------------------------------------------------
Start Part Resource Summary
---------------------------------------------------------------------------------
Part Resources:
DSPs: 90 (col length:60)
BRAMs: 100 (col length: RAMB18 60 RAMB36 30)
---------------------------------------------------------------------------------
Finished Part Resource Summary
---------------------------------------------------------------------------------
---------------------------------------------------------------------------------
Start Cross Boundary and Area Optimization
---------------------------------------------------------------------------------
WARNING: [Synth 8-7080] Parallel synthesis criteria is not met
WARNING: [Synth 8-3917] design au_top_0 has port led[7] driven by constant 0
WARNING: [Synth 8-3917] design au_top_0 has port led[6] driven by constant 0
WARNING: [Synth 8-3917] design au_top_0 has port led[5] driven by constant 0
WARNING: [Synth 8-3917] design au_top_0 has port led[4] driven by constant 0
WARNING: [Synth 8-3917] design au_top_0 has port led[3] driven by constant 0
WARNING: [Synth 8-3917] design au_top_0 has port led[2] driven by constant 0
WARNING: [Synth 8-3917] design au_top_0 has port led[1] driven by constant 0
WARNING: [Synth 8-3917] design au_top_0 has port led[0] driven by constant 0
WARNING: [Synth 8-3917] design au_top_0 has port io_led[22] driven by constant 0
WARNING: [Synth 8-3917] design au_top_0 has port io_led[21] driven by constant 0
WARNING: [Synth 8-3917] design au_top_0 has port io_led[20] driven by constant 0
WARNING: [Synth 8-3917] design au_top_0 has port io_led[19] driven by constant 0
WARNING: [Synth 8-3917] design au_top_0 has port io_seg[7] driven by constant 1
WARNING: [Synth 8-7129] Port io_dip[22] in module au_top_0 is either unconnected or has no load
---------------------------------------------------------------------------------
Finished Cross Boundary and Area Optimization : Time (s): cpu = 00:00:24 ; elapsed = 00:00:26 . Memory (MB): peak = 1246.859 ; gain = 0.000
---------------------------------------------------------------------------------
---------------------------------------------------------------------------------
Start ROM, RAM, DSP, Shift Register and Retiming Reporting
---------------------------------------------------------------------------------

ROM: Preliminary Mapping Report
+------------+------------------+---------------+----------------+
|Module Name | RTL Object       | Depth x Width | Implemented As | 
+------------+------------------+---------------+----------------+
|au_top_0    | seg/seg_dec/segs | 32x7          | LUT            | 
+------------+------------------+---------------+----------------+

---------------------------------------------------------------------------------
Finished ROM, RAM, DSP, Shift Register and Retiming Reporting
---------------------------------------------------------------------------------
---------------------------------------------------------------------------------
Start Applying XDC Timing Constraints
---------------------------------------------------------------------------------
---------------------------------------------------------------------------------
Finished Applying XDC Timing Constraints : Time (s): cpu = 00:00:31 ; elapsed = 00:00:33 . Memory (MB): peak = 1246.859 ; gain = 0.000
---------------------------------------------------------------------------------
---------------------------------------------------------------------------------
Start Timing Optimization
---------------------------------------------------------------------------------
---------------------------------------------------------------------------------
Finished Timing Optimization : Time (s): cpu = 00:00:37 ; elapsed = 00:00:38 . Memory (MB): peak = 1284.371 ; gain = 37.512
---------------------------------------------------------------------------------
---------------------------------------------------------------------------------
Start Technology Mapping
---------------------------------------------------------------------------------
---------------------------------------------------------------------------------
Finished Technology Mapping : Time (s): cpu = 00:00:37 ; elapsed = 00:00:38 . Memory (MB): peak = 1285.438 ; gain = 38.578
---------------------------------------------------------------------------------
---------------------------------------------------------------------------------
Start IO Insertion
---------------------------------------------------------------------------------
---------------------------------------------------------------------------------
Start Flattening Before IO Insertion
---------------------------------------------------------------------------------
---------------------------------------------------------------------------------
Finished Flattening Before IO Insertion
---------------------------------------------------------------------------------
---------------------------------------------------------------------------------
Start Final Netlist Cleanup
---------------------------------------------------------------------------------
---------------------------------------------------------------------------------
Finished Final Netlist Cleanup
---------------------------------------------------------------------------------
---------------------------------------------------------------------------------
Finished IO Insertion : Time (s): cpu = 00:00:42 ; elapsed = 00:00:44 . Memory (MB): peak = 1285.438 ; gain = 38.578
---------------------------------------------------------------------------------
---------------------------------------------------------------------------------
Start Renaming Generated Instances
---------------------------------------------------------------------------------
---------------------------------------------------------------------------------
Finished Renaming Generated Instances : Time (s): cpu = 00:00:42 ; elapsed = 00:00:44 . Memory (MB): peak = 1285.438 ; gain = 38.578
---------------------------------------------------------------------------------
---------------------------------------------------------------------------------
Start Rebuilding User Hierarchy
---------------------------------------------------------------------------------
---------------------------------------------------------------------------------
Finished Rebuilding User Hierarchy : Time (s): cpu = 00:00:42 ; elapsed = 00:00:44 . Memory (MB): peak = 1285.438 ; gain = 38.578
---------------------------------------------------------------------------------
---------------------------------------------------------------------------------
Start Renaming Generated Ports
---------------------------------------------------------------------------------
---------------------------------------------------------------------------------
Finished Renaming Generated Ports : Time (s): cpu = 00:00:42 ; elapsed = 00:00:44 . Memory (MB): peak = 1285.438 ; gain = 38.578
---------------------------------------------------------------------------------
---------------------------------------------------------------------------------
Start Handling Custom Attributes
---------------------------------------------------------------------------------
---------------------------------------------------------------------------------
Finished Handling Custom Attributes : Time (s): cpu = 00:00:42 ; elapsed = 00:00:44 . Memory (MB): peak = 1285.438 ; gain = 38.578
---------------------------------------------------------------------------------
---------------------------------------------------------------------------------
Start Renaming Generated Nets
---------------------------------------------------------------------------------
---------------------------------------------------------------------------------
Finished Renaming Generated Nets : Time (s): cpu = 00:00:42 ; elapsed = 00:00:44 . Memory (MB): peak = 1285.438 ; gain = 38.578
---------------------------------------------------------------------------------
---------------------------------------------------------------------------------
Start Writing Synthesis Report
---------------------------------------------------------------------------------

Report BlackBoxes: 
+-+--------------+----------+
| |BlackBox name |Instances |
+-+--------------+----------+
+-+--------------+----------+

Report Cell Usage: 
+------+-------+------+
|      |Cell   |Count |
+------+-------+------+
|1     |BUFG   |     1|
|2     |CARRY4 |    16|
|3     |LUT1   |     6|
|4     |LUT2   |    67|
|5     |LUT3   |    59|
|6     |LUT4   |    71|
|7     |LUT5   |    90|
|8     |LUT6   |   184|
|9     |MUXF7  |     2|
|10    |FDRE   |    82|
|11    |FDSE   |     4|
|12    |IBUF   |    31|
|13    |OBUF   |    45|
+------+-------+------+
---------------------------------------------------------------------------------
Finished Writing Synthesis Report : Time (s): cpu = 00:00:42 ; elapsed = 00:00:44 . Memory (MB): peak = 1285.438 ; gain = 38.578
---------------------------------------------------------------------------------
Synthesis finished with 0 errors, 0 critical warnings and 15 warnings.
Synthesis Optimization Runtime : Time (s): cpu = 00:00:33 ; elapsed = 00:00:41 . Memory (MB): peak = 1285.438 ; gain = 38.578
Synthesis Optimization Complete : Time (s): cpu = 00:00:43 ; elapsed = 00:00:44 . Memory (MB): peak = 1285.438 ; gain = 38.578
INFO: [Project 1-571] Translating synthesized netlist
Netlist sorting complete. Time (s): cpu = 00:00:00 ; elapsed = 00:00:00.008 . Memory (MB): peak = 1297.254 ; gain = 0.000
INFO: [Netlist 29-17] Analyzing 18 Unisim elements for replacement
INFO: [Netlist 29-28] Unisim Transformation completed in 0 CPU seconds
INFO: [Project 1-570] Preparing netlist for logic optimization
INFO: [Opt 31-138] Pushed 0 inverter(s) to 0 load pin(s).
Netlist sorting complete. Time (s): cpu = 00:00:00 ; elapsed = 00:00:00 . Memory (MB): peak = 1300.918 ; gain = 0.000
INFO: [Project 1-111] Unisim Transformation Summary:
No Unisim elements were transformed.

Synth Design complete, checksum: 277323bd
INFO: [Common 17-83] Releasing license: Synthesis
43 Infos, 51 Warnings, 0 Critical Warnings and 0 Errors encountered.
synth_design completed successfully
synth_design: Time (s): cpu = 00:00:48 ; elapsed = 00:00:49 . Memory (MB): peak = 1300.918 ; gain = 54.059
INFO: [Common 17-1381] The checkpoint 'C:/Users/user/Desktop/test/work/vivado/test/test.runs/synth_1/au_top_0.dcp' has been generated.
INFO: [runtcl-4] Executing : report_utilization -file au_top_0_utilization_synth.rpt -pb au_top_0_utilization_synth.pb
INFO: [Common 17-206] Exiting Vivado at Tue Mar 15 01:52:46 2022...
[Tue Mar 15 01:52:47 2022] synth_1 finished
wait_on_runs: Time (s): cpu = 00:00:00 ; elapsed = 00:01:00 . Memory (MB): peak = 1248.000 ; gain = 0.000
# launch_runs impl_1 -to_step write_bitstream -jobs 8
[Tue Mar 15 01:52:47 2022] Launched impl_1...
Run output will be captured here: C:/Users/user/Desktop/test/work/vivado/test/test.runs/impl_1/runme.log
# wait_on_run impl_1
[Tue Mar 15 01:52:47 2022] Waiting for impl_1 to finish...


*** Running vivado
    with args -log au_top_0.vdi -applog -m64 -product Vivado -messageDb vivado.pb -mode batch -source au_top_0.tcl -notrace



****** Vivado v2021.2 (64-bit)
  **** SW Build 3367213 on Tue Oct 19 02:48:09 MDT 2021
  **** IP Build 3369179 on Thu Oct 21 08:25:16 MDT 2021
    ** Copyright 1986-2021 Xilinx, Inc. All Rights Reserved.

source au_top_0.tcl -notrace
Command: link_design -top au_top_0 -part xc7a35tftg256-1
Design is defaulting to srcset: sources_1
Design is defaulting to constrset: constrs_1
INFO: [Device 21-403] Loading part xc7a35tftg256-1
Netlist sorting complete. Time (s): cpu = 00:00:00 ; elapsed = 00:00:00.004 . Memory (MB): peak = 1247.691 ; gain = 0.000
INFO: [Netlist 29-17] Analyzing 18 Unisim elements for replacement
INFO: [Netlist 29-28] Unisim Transformation completed in 0 CPU seconds
INFO: [Project 1-479] Netlist was created with Vivado 2021.2
INFO: [Project 1-570] Preparing netlist for logic optimization
Parsing XDC File [D:/Program File D/library/components/au.xdc]
Finished Parsing XDC File [D:/Program File D/library/components/au.xdc]
Parsing XDC File [C:/Users/user/Desktop/test/work/constraint/alchitry.xdc]
Finished Parsing XDC File [C:/Users/user/Desktop/test/work/constraint/alchitry.xdc]
Parsing XDC File [C:/Users/user/Desktop/test/work/constraint/io.xdc]
Finished Parsing XDC File [C:/Users/user/Desktop/test/work/constraint/io.xdc]
INFO: [Opt 31-138] Pushed 0 inverter(s) to 0 load pin(s).
Netlist sorting complete. Time (s): cpu = 00:00:00 ; elapsed = 00:00:00 . Memory (MB): peak = 1247.691 ; gain = 0.000
INFO: [Project 1-111] Unisim Transformation Summary:
No Unisim elements were transformed.

7 Infos, 0 Warnings, 0 Critical Warnings and 0 Errors encountered.
link_design completed successfully
link_design: Time (s): cpu = 00:00:07 ; elapsed = 00:00:07 . Memory (MB): peak = 1247.691 ; gain = 0.000
Command: opt_design
Attempting to get a license for feature 'Implementation' and/or device 'xc7a35t'
INFO: [Common 17-349] Got license for feature 'Implementation' and/or device 'xc7a35t'
Running DRC as a precondition to command opt_design

Starting DRC Task
INFO: [DRC 23-27] Running DRC with 2 threads
INFO: [Project 1-461] DRC finished with 0 Errors
INFO: [Project 1-462] Please refer to the DRC report (report_drc) for more information.

Time (s): cpu = 00:00:01 ; elapsed = 00:00:00.988 . Memory (MB): peak = 1247.691 ; gain = 0.000

Starting Cache Timing Information Task
INFO: [Timing 38-35] Done setting XDC timing constraints.
Ending Cache Timing Information Task | Checksum: 193d0b164

Time (s): cpu = 00:00:09 ; elapsed = 00:00:08 . Memory (MB): peak = 1405.953 ; gain = 158.262

Starting Logic Optimization Task

Phase 1 Retarget
INFO: [Opt 31-1287] Pulled Inverter io_led_OBUF[16]_inst_i_15 into driver instance io_led_OBUF[15]_inst_i_18, which resulted in an inversion of 50 pins
INFO: [Opt 31-1287] Pulled Inverter io_led_OBUF[16]_inst_i_7 into driver instance io_led_OBUF[0]_inst_i_8, which resulted in an inversion of 10 pins
INFO: [Opt 31-1287] Pulled Inverter io_led_OBUF[18]_inst_i_11 into driver instance io_led_OBUF[18]_inst_i_33, which resulted in an inversion of 15 pins
INFO: [Opt 31-138] Pushed 0 inverter(s) to 0 load pin(s).
INFO: [Opt 31-49] Retargeted 0 cell(s).
Phase 1 Retarget | Checksum: 16414bb61

Time (s): cpu = 00:00:00 ; elapsed = 00:00:00.046 . Memory (MB): peak = 1705.898 ; gain = 0.000
INFO: [Opt 31-389] Phase Retarget created 0 cells and removed 3 cells

Phase 2 Constant propagation
INFO: [Opt 31-138] Pushed 0 inverter(s) to 0 load pin(s).
Phase 2 Constant propagation | Checksum: 16414bb61

Time (s): cpu = 00:00:00 ; elapsed = 00:00:00.051 . Memory (MB): peak = 1705.898 ; gain = 0.000
INFO: [Opt 31-389] Phase Constant propagation created 0 cells and removed 0 cells

Phase 3 Sweep
Phase 3 Sweep | Checksum: 19fbe1df3

Time (s): cpu = 00:00:00 ; elapsed = 00:00:00.058 . Memory (MB): peak = 1705.898 ; gain = 0.000
INFO: [Opt 31-389] Phase Sweep created 0 cells and removed 0 cells

Phase 4 BUFG optimization
Phase 4 BUFG optimization | Checksum: 19fbe1df3

Time (s): cpu = 00:00:00 ; elapsed = 00:00:00.069 . Memory (MB): peak = 1705.898 ; gain = 0.000
INFO: [Opt 31-662] Phase BUFG optimization created 0 cells of which 0 are BUFGs and removed 0 cells.

Phase 5 Shift Register Optimization
INFO: [Opt 31-1064] SRL Remap converted 0 SRLs to 0 registers and converted 0 registers of register chains to 0 SRLs
Phase 5 Shift Register Optimization | Checksum: 19fbe1df3

Time (s): cpu = 00:00:00 ; elapsed = 00:00:00.071 . Memory (MB): peak = 1705.898 ; gain = 0.000
INFO: [Opt 31-389] Phase Shift Register Optimization created 0 cells and removed 0 cells

Phase 6 Post Processing Netlist
Phase 6 Post Processing Netlist | Checksum: 19fbe1df3

Time (s): cpu = 00:00:00 ; elapsed = 00:00:00.073 . Memory (MB): peak = 1705.898 ; gain = 0.000
INFO: [Opt 31-389] Phase Post Processing Netlist created 0 cells and removed 0 cells
Opt_design Change Summary
=========================


-------------------------------------------------------------------------------------------------------------------------
|  Phase                        |  #Cells created  |  #Cells Removed  |  #Constrained objects preventing optimizations  |
-------------------------------------------------------------------------------------------------------------------------
|  Retarget                     |               0  |               3  |                                              0  |
|  Constant propagation         |               0  |               0  |                                              0  |
|  Sweep                        |               0  |               0  |                                              0  |
|  BUFG optimization            |               0  |               0  |                                              0  |
|  Shift Register Optimization  |               0  |               0  |                                              0  |
|  Post Processing Netlist      |               0  |               0  |                                              0  |
-------------------------------------------------------------------------------------------------------------------------



Starting Connectivity Check Task

Time (s): cpu = 00:00:00 ; elapsed = 00:00:00.002 . Memory (MB): peak = 1705.898 ; gain = 0.000
Ending Logic Optimization Task | Checksum: 20b8cb8e9

Time (s): cpu = 00:00:00 ; elapsed = 00:00:00.087 . Memory (MB): peak = 1705.898 ; gain = 0.000

Starting Power Optimization Task
INFO: [Pwropt 34-132] Skipping clock gating for clocks with a period < 2.00 ns.
Ending Power Optimization Task | Checksum: 20b8cb8e9

Time (s): cpu = 00:00:00 ; elapsed = 00:00:00.008 . Memory (MB): peak = 1705.898 ; gain = 0.000

Starting Final Cleanup Task
Ending Final Cleanup Task | Checksum: 20b8cb8e9

Time (s): cpu = 00:00:00 ; elapsed = 00:00:00 . Memory (MB): peak = 1705.898 ; gain = 0.000

Starting Netlist Obfuscation Task
Netlist sorting complete. Time (s): cpu = 00:00:00 ; elapsed = 00:00:00 . Memory (MB): peak = 1705.898 ; gain = 0.000
Ending Netlist Obfuscation Task | Checksum: 20b8cb8e9

Time (s): cpu = 00:00:00 ; elapsed = 00:00:00.001 . Memory (MB): peak = 1705.898 ; gain = 0.000
INFO: [Common 17-83] Releasing license: Implementation
27 Infos, 0 Warnings, 0 Critical Warnings and 0 Errors encountered.
opt_design completed successfully
opt_design: Time (s): cpu = 00:00:13 ; elapsed = 00:00:13 . Memory (MB): peak = 1705.898 ; gain = 458.207
INFO: [Timing 38-480] Writing timing data to binary archive.
Writing placer database...
Writing XDEF routing.
Writing XDEF routing logical nets.
Writing XDEF routing special nets.
Write XDEF Complete: Time (s): cpu = 00:00:00 ; elapsed = 00:00:00.041 . Memory (MB): peak = 1705.898 ; gain = 0.000
INFO: [Common 17-1381] The checkpoint 'C:/Users/user/Desktop/test/work/vivado/test/test.runs/impl_1/au_top_0_opt.dcp' has been generated.
INFO: [runtcl-4] Executing : report_drc -file au_top_0_drc_opted.rpt -pb au_top_0_drc_opted.pb -rpx au_top_0_drc_opted.rpx
Command: report_drc -file au_top_0_drc_opted.rpt -pb au_top_0_drc_opted.pb -rpx au_top_0_drc_opted.rpx
INFO: [IP_Flow 19-234] Refreshing IP repositories
INFO: [IP_Flow 19-1704] No user IP repositories specified
INFO: [IP_Flow 19-2313] Loaded Vivado IP repository 'D:/FPGA/Vivado/2021.2/data/ip'.
INFO: [Timing 38-35] Done setting XDC timing constraints.
INFO: [DRC 23-27] Running DRC with 2 threads
INFO: [Vivado_Tcl 2-168] The results of DRC are in file C:/Users/user/Desktop/test/work/vivado/test/test.runs/impl_1/au_top_0_drc_opted.rpt.
report_drc completed successfully
Command: place_design
Attempting to get a license for feature 'Implementation' and/or device 'xc7a35t'
INFO: [Common 17-349] Got license for feature 'Implementation' and/or device 'xc7a35t'
INFO: [DRC 23-27] Running DRC with 2 threads
INFO: [Vivado_Tcl 4-198] DRC finished with 0 Errors
INFO: [Vivado_Tcl 4-199] Please refer to the DRC report (report_drc) for more information.
Running DRC as a precondition to command place_design
INFO: [DRC 23-27] Running DRC with 2 threads
INFO: [Vivado_Tcl 4-198] DRC finished with 0 Errors
INFO: [Vivado_Tcl 4-199] Please refer to the DRC report (report_drc) for more information.

Starting Placer Task
INFO: [Place 30-611] Multithreading enabled for place_design using a maximum of 2 CPUs

Phase 1 Placer Initialization

Phase 1.1 Placer Initialization Netlist Sorting
Netlist sorting complete. Time (s): cpu = 00:00:00 ; elapsed = 00:00:00 . Memory (MB): peak = 1747.047 ; gain = 0.000
Phase 1.1 Placer Initialization Netlist Sorting | Checksum: 15e6d33e7

Time (s): cpu = 00:00:00 ; elapsed = 00:00:00.006 . Memory (MB): peak = 1747.047 ; gain = 0.000
Netlist sorting complete. Time (s): cpu = 00:00:00 ; elapsed = 00:00:00 . Memory (MB): peak = 1747.047 ; gain = 0.000

Phase 1.2 IO Placement/ Clock Placement/ Build Placer Device
Phase 1.2 IO Placement/ Clock Placement/ Build Placer Device | Checksum: 8e865017

Time (s): cpu = 00:00:01 ; elapsed = 00:00:00.289 . Memory (MB): peak = 1747.047 ; gain = 0.000

Phase 1.3 Build Placer Netlist Model
Phase 1.3 Build Placer Netlist Model | Checksum: bc2053d5

Time (s): cpu = 00:00:01 ; elapsed = 00:00:00.445 . Memory (MB): peak = 1747.047 ; gain = 0.000

Phase 1.4 Constrain Clocks/Macros
Phase 1.4 Constrain Clocks/Macros | Checksum: bc2053d5

Time (s): cpu = 00:00:01 ; elapsed = 00:00:00.447 . Memory (MB): peak = 1747.047 ; gain = 0.000
Phase 1 Placer Initialization | Checksum: bc2053d5

Time (s): cpu = 00:00:01 ; elapsed = 00:00:00.451 . Memory (MB): peak = 1747.047 ; gain = 0.000

Phase 2 Global Placement

Phase 2.1 Floorplanning
Phase 2.1 Floorplanning | Checksum: 151eaa571

Time (s): cpu = 00:00:01 ; elapsed = 00:00:00.598 . Memory (MB): peak = 1747.047 ; gain = 0.000

Phase 2.2 Update Timing before SLR Path Opt
Phase 2.2 Update Timing before SLR Path Opt | Checksum: 14158d4ec

Time (s): cpu = 00:00:01 ; elapsed = 00:00:00.664 . Memory (MB): peak = 1747.047 ; gain = 0.000

Phase 2.3 Post-Processing in Floorplanning
Phase 2.3 Post-Processing in Floorplanning | Checksum: 14158d4ec

Time (s): cpu = 00:00:01 ; elapsed = 00:00:00.666 . Memory (MB): peak = 1747.047 ; gain = 0.000

Phase 2.4 Global Placement Core

Phase 2.4.1 Physical Synthesis In Placer
INFO: [Physopt 32-1035] Found 64 LUTNM shape to break, 2 LUT instances to create LUTNM shape
INFO: [Physopt 32-1044] Break lutnm for timing: one critical 32, two critical 32, total 64, new lutff created 0
INFO: [Physopt 32-1138] End 1 Pass. Optimized 65 nets or LUTs. Breaked 64 LUTs, combined 1 existing LUT and moved 0 existing LUT
INFO: [Physopt 32-65] No nets found for high-fanout optimization.
INFO: [Physopt 32-232] Optimized 0 net. Created 0 new instance.
INFO: [Physopt 32-775] End 1 Pass. Optimized 0 net or cell. Created 0 new cell, deleted 0 existing cell and moved 0 existing cell
INFO: [Physopt 32-456] No candidate cells for DSP register optimization found in the design.
INFO: [Physopt 32-775] End 2 Pass. Optimized 0 net or cell. Created 0 new cell, deleted 0 existing cell and moved 0 existing cell
INFO: [Physopt 32-1123] No candidate cells found for Shift Register to Pipeline optimization
INFO: [Physopt 32-775] End 1 Pass. Optimized 0 net or cell. Created 0 new cell, deleted 0 existing cell and moved 0 existing cell
INFO: [Physopt 32-677] No candidate cells for Shift Register optimization found in the design
INFO: [Physopt 32-775] End 1 Pass. Optimized 0 net or cell. Created 0 new cell, deleted 0 existing cell and moved 0 existing cell
INFO: [Physopt 32-526] No candidate cells for BRAM register optimization found in the design
INFO: [Physopt 32-775] End 1 Pass. Optimized 0 net or cell. Created 0 new cell, deleted 0 existing cell and moved 0 existing cell
INFO: [Physopt 32-846] No candidate cells for URAM register optimization found in the design
INFO: [Physopt 32-775] End 2 Pass. Optimized 0 net or cell. Created 0 new cell, deleted 0 existing cell and moved 0 existing cell
INFO: [Physopt 32-949] No candidate nets found for dynamic/static region interface net replication
INFO: [Physopt 32-775] End 1 Pass. Optimized 0 net or cell. Created 0 new cell, deleted 0 existing cell and moved 0 existing cell
Netlist sorting complete. Time (s): cpu = 00:00:00 ; elapsed = 00:00:00 . Memory (MB): peak = 1747.047 ; gain = 0.000

Summary of Physical Synthesis Optimizations
============================================


-----------------------------------------------------------------------------------------------------------------------------------------------------------
|  Optimization                                     |  Added Cells  |  Removed Cells  |  Optimized Cells/Nets  |  Dont Touch  |  Iterations  |  Elapsed   |
-----------------------------------------------------------------------------------------------------------------------------------------------------------
|  LUT Combining                                    |           64  |              1  |                    65  |           0  |           1  |  00:00:00  |
|  Retime                                           |            0  |              0  |                     0  |           0  |           1  |  00:00:00  |
|  Very High Fanout                                 |            0  |              0  |                     0  |           0  |           1  |  00:00:00  |
|  DSP Register                                     |            0  |              0  |                     0  |           0  |           1  |  00:00:00  |
|  Shift Register to Pipeline                       |            0  |              0  |                     0  |           0  |           1  |  00:00:00  |
|  Shift Register                                   |            0  |              0  |                     0  |           0  |           1  |  00:00:00  |
|  BRAM Register                                    |            0  |              0  |                     0  |           0  |           1  |  00:00:00  |
|  URAM Register                                    |            0  |              0  |                     0  |           0  |           1  |  00:00:00  |
|  Dynamic/Static Region Interface Net Replication  |            0  |              0  |                     0  |           0  |           1  |  00:00:00  |
|  Total                                            |           64  |              1  |                    65  |           0  |           9  |  00:00:00  |
-----------------------------------------------------------------------------------------------------------------------------------------------------------


Phase 2.4.1 Physical Synthesis In Placer | Checksum: 12350442e

Time (s): cpu = 00:00:09 ; elapsed = 00:00:05 . Memory (MB): peak = 1747.047 ; gain = 0.000
Phase 2.4 Global Placement Core | Checksum: decd9997

Time (s): cpu = 00:00:09 ; elapsed = 00:00:05 . Memory (MB): peak = 1747.047 ; gain = 0.000
Phase 2 Global Placement | Checksum: decd9997

Time (s): cpu = 00:00:09 ; elapsed = 00:00:05 . Memory (MB): peak = 1747.047 ; gain = 0.000

Phase 3 Detail Placement

Phase 3.1 Commit Multi Column Macros
Phase 3.1 Commit Multi Column Macros | Checksum: 13744fcfb

Time (s): cpu = 00:00:09 ; elapsed = 00:00:05 . Memory (MB): peak = 1747.047 ; gain = 0.000

Phase 3.2 Commit Most Macros & LUTRAMs
Phase 3.2 Commit Most Macros & LUTRAMs | Checksum: b53d0693

Time (s): cpu = 00:00:10 ; elapsed = 00:00:05 . Memory (MB): peak = 1747.047 ; gain = 0.000

Phase 3.3 Area Swap Optimization
Phase 3.3 Area Swap Optimization | Checksum: 10515c921

Time (s): cpu = 00:00:10 ; elapsed = 00:00:05 . Memory (MB): peak = 1747.047 ; gain = 0.000

Phase 3.4 Pipeline Register Optimization
Phase 3.4 Pipeline Register Optimization | Checksum: 16270b2f7

Time (s): cpu = 00:00:10 ; elapsed = 00:00:05 . Memory (MB): peak = 1747.047 ; gain = 0.000

Phase 3.5 Fast Optimization
Phase 3.5 Fast Optimization | Checksum: 1766927e5

Time (s): cpu = 00:00:11 ; elapsed = 00:00:07 . Memory (MB): peak = 1747.047 ; gain = 0.000

Phase 3.6 Small Shape Detail Placement
Phase 3.6 Small Shape Detail Placement | Checksum: 1d3942818

Time (s): cpu = 00:00:12 ; elapsed = 00:00:07 . Memory (MB): peak = 1747.047 ; gain = 0.000

Phase 3.7 Re-assign LUT pins
Phase 3.7 Re-assign LUT pins | Checksum: 1805334ca

Time (s): cpu = 00:00:12 ; elapsed = 00:00:07 . Memory (MB): peak = 1747.047 ; gain = 0.000

Phase 3.8 Pipeline Register Optimization
Phase 3.8 Pipeline Register Optimization | Checksum: ef9bc1a6

Time (s): cpu = 00:00:12 ; elapsed = 00:00:07 . Memory (MB): peak = 1747.047 ; gain = 0.000

Phase 3.9 Fast Optimization
Phase 3.9 Fast Optimization | Checksum: 11317d600

Time (s): cpu = 00:00:15 ; elapsed = 00:00:10 . Memory (MB): peak = 1747.047 ; gain = 0.000
Phase 3 Detail Placement | Checksum: 11317d600

Time (s): cpu = 00:00:15 ; elapsed = 00:00:10 . Memory (MB): peak = 1747.047 ; gain = 0.000

Phase 4 Post Placement Optimization and Clean-Up

Phase 4.1 Post Commit Optimization
INFO: [Timing 38-35] Done setting XDC timing constraints.

Phase 4.1.1 Post Placement Optimization
Post Placement Optimization Initialization | Checksum: 15937bf9a

Phase 4.1.1.1 BUFG Insertion

Starting Physical Synthesis Task

Phase 1 Physical Synthesis Initialization
INFO: [Physopt 32-721] Multithreading enabled for phys_opt_design using a maximum of 2 CPUs
INFO: [Physopt 32-619] Estimated Timing Summary | WNS=-0.996 | TNS=-3.464 |
Phase 1 Physical Synthesis Initialization | Checksum: 176c9625b

Time (s): cpu = 00:00:00 ; elapsed = 00:00:00.021 . Memory (MB): peak = 1747.047 ; gain = 0.000
INFO: [Place 46-56] BUFG insertion identified 0 candidate nets. Inserted BUFG: 0, Replicated BUFG Driver: 0, Skipped due to Placement/Routing Conflicts: 0, Skipped due to Timing Degradation: 0, Skipped due to Illegal Netlist: 0.
Ending Physical Synthesis Task | Checksum: 1a0ca5306

Time (s): cpu = 00:00:00 ; elapsed = 00:00:00.022 . Memory (MB): peak = 1747.047 ; gain = 0.000
Phase 4.1.1.1 BUFG Insertion | Checksum: 15937bf9a

Time (s): cpu = 00:00:15 ; elapsed = 00:00:10 . Memory (MB): peak = 1747.047 ; gain = 0.000

Phase 4.1.1.2 Post Placement Timing Optimization
INFO: [Place 30-746] Post Placement Timing Summary WNS=0.281. For the most accurate timing information please run report_timing.
Phase 4.1.1.2 Post Placement Timing Optimization | Checksum: 1c9f55d06

Time (s): cpu = 00:00:21 ; elapsed = 00:00:16 . Memory (MB): peak = 1747.047 ; gain = 0.000

Time (s): cpu = 00:00:21 ; elapsed = 00:00:16 . Memory (MB): peak = 1747.047 ; gain = 0.000
Phase 4.1 Post Commit Optimization | Checksum: 1c9f55d06

Time (s): cpu = 00:00:21 ; elapsed = 00:00:16 . Memory (MB): peak = 1747.047 ; gain = 0.000

Phase 4.2 Post Placement Cleanup
Phase 4.2 Post Placement Cleanup | Checksum: 1c9f55d06

Time (s): cpu = 00:00:21 ; elapsed = 00:00:16 . Memory (MB): peak = 1747.047 ; gain = 0.000

Phase 4.3 Placer Reporting

Phase 4.3.1 Print Estimated Congestion
INFO: [Place 30-612] Post-Placement Estimated Congestion 
 ____________________________________________________
|           | Global Congestion | Short Congestion  |
| Direction | Region Size       | Region Size       |
|___________|___________________|___________________|
|      North|                1x1|                1x1|
|___________|___________________|___________________|
|      South|                1x1|                1x1|
|___________|___________________|___________________|
|       East|                1x1|                1x1|
|___________|___________________|___________________|
|       West|                1x1|                1x1|
|___________|___________________|___________________|

Phase 4.3.1 Print Estimated Congestion | Checksum: 1c9f55d06

Time (s): cpu = 00:00:21 ; elapsed = 00:00:16 . Memory (MB): peak = 1747.047 ; gain = 0.000
Phase 4.3 Placer Reporting | Checksum: 1c9f55d06

Time (s): cpu = 00:00:21 ; elapsed = 00:00:16 . Memory (MB): peak = 1747.047 ; gain = 0.000

Phase 4.4 Final Placement Cleanup
Netlist sorting complete. Time (s): cpu = 00:00:00 ; elapsed = 00:00:00 . Memory (MB): peak = 1747.047 ; gain = 0.000

Time (s): cpu = 00:00:21 ; elapsed = 00:00:16 . Memory (MB): peak = 1747.047 ; gain = 0.000
Phase 4 Post Placement Optimization and Clean-Up | Checksum: 17c4e179a

Time (s): cpu = 00:00:21 ; elapsed = 00:00:16 . Memory (MB): peak = 1747.047 ; gain = 0.000
Ending Placer Task | Checksum: 9c535d70

Time (s): cpu = 00:00:21 ; elapsed = 00:00:16 . Memory (MB): peak = 1747.047 ; gain = 0.000
INFO: [Common 17-83] Releasing license: Implementation
69 Infos, 0 Warnings, 0 Critical Warnings and 0 Errors encountered.
place_design completed successfully
place_design: Time (s): cpu = 00:00:22 ; elapsed = 00:00:17 . Memory (MB): peak = 1747.047 ; gain = 1.020
INFO: [Timing 38-480] Writing timing data to binary archive.
Writing placer database...
Writing XDEF routing.
Writing XDEF routing logical nets.
Writing XDEF routing special nets.
Write XDEF Complete: Time (s): cpu = 00:00:00 ; elapsed = 00:00:00.085 . Memory (MB): peak = 1747.047 ; gain = 0.000
INFO: [Common 17-1381] The checkpoint 'C:/Users/user/Desktop/test/work/vivado/test/test.runs/impl_1/au_top_0_placed.dcp' has been generated.
INFO: [runtcl-4] Executing : report_io -file au_top_0_io_placed.rpt
report_io: Time (s): cpu = 00:00:00 ; elapsed = 00:00:00.068 . Memory (MB): peak = 1747.047 ; gain = 0.000
INFO: [runtcl-4] Executing : report_utilization -file au_top_0_utilization_placed.rpt -pb au_top_0_utilization_placed.pb
INFO: [runtcl-4] Executing : report_control_sets -verbose -file au_top_0_control_sets_placed.rpt
report_control_sets: Time (s): cpu = 00:00:00 ; elapsed = 00:00:00.001 . Memory (MB): peak = 1747.047 ; gain = 0.000
Command: phys_opt_design
Attempting to get a license for feature 'Implementation' and/or device 'xc7a35t'
INFO: [Common 17-349] Got license for feature 'Implementation' and/or device 'xc7a35t'
INFO: [Vivado_Tcl 4-383] Design worst setup slack (WNS) is greater than or equal to 0.000 ns. Skipping all physical synthesis optimizations.
INFO: [Vivado_Tcl 4-232] No setup violation found. The netlist was not modified.
INFO: [Common 17-83] Releasing license: Implementation
78 Infos, 0 Warnings, 0 Critical Warnings and 0 Errors encountered.
phys_opt_design completed successfully
INFO: [Timing 38-480] Writing timing data to binary archive.
Writing placer database...
Writing XDEF routing.
Writing XDEF routing logical nets.
Writing XDEF routing special nets.
Write XDEF Complete: Time (s): cpu = 00:00:01 ; elapsed = 00:00:00.080 . Memory (MB): peak = 1747.047 ; gain = 0.000
INFO: [Common 17-1381] The checkpoint 'C:/Users/user/Desktop/test/work/vivado/test/test.runs/impl_1/au_top_0_physopt.dcp' has been generated.
Command: route_design
Attempting to get a license for feature 'Implementation' and/or device 'xc7a35t'
INFO: [Common 17-349] Got license for feature 'Implementation' and/or device 'xc7a35t'
Running DRC as a precondition to command route_design
INFO: [DRC 23-27] Running DRC with 2 threads
INFO: [Vivado_Tcl 4-198] DRC finished with 0 Errors
INFO: [Vivado_Tcl 4-199] Please refer to the DRC report (report_drc) for more information.


Starting Routing Task
INFO: [Route 35-254] Multithreading enabled for route_design using a maximum of 2 CPUs

Phase 1 Build RT Design
Checksum: PlaceDB: 85ddb719 ConstDB: 0 ShapeSum: 1675a657 RouteDB: 0
Post Restoration Checksum: NetGraph: 42c772cc NumContArr: bc904b5e Constraints: 0 Timing: 0
Phase 1 Build RT Design | Checksum: ff57be2a

Time (s): cpu = 00:00:21 ; elapsed = 00:00:19 . Memory (MB): peak = 1820.484 ; gain = 62.355

Phase 2 Router Initialization

Phase 2.1 Create Timer
Phase 2.1 Create Timer | Checksum: ff57be2a

Time (s): cpu = 00:00:21 ; elapsed = 00:00:19 . Memory (MB): peak = 1820.484 ; gain = 62.355

Phase 2.2 Fix Topology Constraints
Phase 2.2 Fix Topology Constraints | Checksum: ff57be2a

Time (s): cpu = 00:00:21 ; elapsed = 00:00:19 . Memory (MB): peak = 1826.488 ; gain = 68.359

Phase 2.3 Pre Route Cleanup
Phase 2.3 Pre Route Cleanup | Checksum: ff57be2a

Time (s): cpu = 00:00:21 ; elapsed = 00:00:19 . Memory (MB): peak = 1826.488 ; gain = 68.359
 Number of Nodes with overlaps = 0

Phase 2.4 Update Timing
Phase 2.4 Update Timing | Checksum: 1e334d1d5

Time (s): cpu = 00:00:21 ; elapsed = 00:00:19 . Memory (MB): peak = 1832.414 ; gain = 74.285
INFO: [Route 35-416] Intermediate Timing Summary | WNS=0.451  | TNS=0.000  | WHS=-0.062 | THS=-0.158 |


Router Utilization Summary
  Global Vertical Routing Utilization    = 0 %
  Global Horizontal Routing Utilization  = 0 %
  Routable Net Status*
  *Does not include unroutable nets such as driverless and loadless.
  Run report_route_status for detailed report.
  Number of Failed Nets               = 587
    (Failed Nets is the sum of unrouted and partially routed nets)
  Number of Unrouted Nets             = 587
  Number of Partially Routed Nets     = 0
  Number of Node Overlaps             = 0

Phase 2 Router Initialization | Checksum: 15cb8cb1f

Time (s): cpu = 00:00:21 ; elapsed = 00:00:19 . Memory (MB): peak = 1833.605 ; gain = 75.477

Phase 3 Initial Routing

Phase 3.1 Global Routing
Phase 3.1 Global Routing | Checksum: 15cb8cb1f

Time (s): cpu = 00:00:21 ; elapsed = 00:00:19 . Memory (MB): peak = 1833.605 ; gain = 75.477
Phase 3 Initial Routing | Checksum: 22718e155

Time (s): cpu = 00:00:21 ; elapsed = 00:00:19 . Memory (MB): peak = 1833.605 ; gain = 75.477

Phase 4 Rip-up And Reroute

Phase 4.1 Global Iteration 0
 Number of Nodes with overlaps = 673
 Number of Nodes with overlaps = 427
 Number of Nodes with overlaps = 280
 Number of Nodes with overlaps = 161
 Number of Nodes with overlaps = 102
 Number of Nodes with overlaps = 72
 Number of Nodes with overlaps = 41
 Number of Nodes with overlaps = 20
 Number of Nodes with overlaps = 4
 Number of Nodes with overlaps = 2
 Number of Nodes with overlaps = 0
INFO: [Route 35-416] Intermediate Timing Summary | WNS=-0.354 | TNS=-0.739 | WHS=N/A    | THS=N/A    |

Phase 4.1 Global Iteration 0 | Checksum: 14114e810

Time (s): cpu = 00:00:33 ; elapsed = 00:00:26 . Memory (MB): peak = 1833.605 ; gain = 75.477

Phase 4.2 Global Iteration 1
 Number of Nodes with overlaps = 421
 Number of Nodes with overlaps = 206
 Number of Nodes with overlaps = 151
 Number of Nodes with overlaps = 74
 Number of Nodes with overlaps = 45
 Number of Nodes with overlaps = 22
 Number of Nodes with overlaps = 18
 Number of Nodes with overlaps = 14
 Number of Nodes with overlaps = 11
 Number of Nodes with overlaps = 7
 Number of Nodes with overlaps = 0
INFO: [Route 35-416] Intermediate Timing Summary | WNS=-0.457 | TNS=-1.260 | WHS=N/A    | THS=N/A    |

Phase 4.2 Global Iteration 1 | Checksum: c1842520

Time (s): cpu = 00:00:42 ; elapsed = 00:00:32 . Memory (MB): peak = 1833.605 ; gain = 75.477
Phase 4 Rip-up And Reroute | Checksum: c1842520

Time (s): cpu = 00:00:42 ; elapsed = 00:00:32 . Memory (MB): peak = 1833.605 ; gain = 75.477

Phase 5 Delay and Skew Optimization

Phase 5.1 Delay CleanUp

Phase 5.1.1 Update Timing
Phase 5.1.1 Update Timing | Checksum: fa134e5e

Time (s): cpu = 00:00:42 ; elapsed = 00:00:32 . Memory (MB): peak = 1833.605 ; gain = 75.477
INFO: [Route 35-416] Intermediate Timing Summary | WNS=-0.260 | TNS=-0.389 | WHS=N/A    | THS=N/A    |

 Number of Nodes with overlaps = 0
Phase 5.1 Delay CleanUp | Checksum: 23fc4bf32

Time (s): cpu = 00:00:42 ; elapsed = 00:00:32 . Memory (MB): peak = 1835.328 ; gain = 77.199

Phase 5.2 Clock Skew Optimization
Phase 5.2 Clock Skew Optimization | Checksum: 23fc4bf32

Time (s): cpu = 00:00:42 ; elapsed = 00:00:32 . Memory (MB): peak = 1835.328 ; gain = 77.199
Phase 5 Delay and Skew Optimization | Checksum: 23fc4bf32

Time (s): cpu = 00:00:42 ; elapsed = 00:00:32 . Memory (MB): peak = 1835.328 ; gain = 77.199

Phase 6 Post Hold Fix

Phase 6.1 Hold Fix Iter

Phase 6.1.1 Update Timing
Phase 6.1.1 Update Timing | Checksum: 22514801d

Time (s): cpu = 00:00:42 ; elapsed = 00:00:32 . Memory (MB): peak = 1835.328 ; gain = 77.199
INFO: [Route 35-416] Intermediate Timing Summary | WNS=-0.259 | TNS=-0.357 | WHS=0.231  | THS=0.000  |

Phase 6.1 Hold Fix Iter | Checksum: 22514801d

Time (s): cpu = 00:00:42 ; elapsed = 00:00:32 . Memory (MB): peak = 1835.328 ; gain = 77.199
Phase 6 Post Hold Fix | Checksum: 22514801d

Time (s): cpu = 00:00:42 ; elapsed = 00:00:32 . Memory (MB): peak = 1835.328 ; gain = 77.199

Phase 7 Route finalize

Router Utilization Summary
  Global Vertical Routing Utilization    = 0.340509 %
  Global Horizontal Routing Utilization  = 0.342009 %
  Routable Net Status*
  *Does not include unroutable nets such as driverless and loadless.
  Run report_route_status for detailed report.
  Number of Failed Nets               = 0
    (Failed Nets is the sum of unrouted and partially routed nets)
  Number of Unrouted Nets             = 0
  Number of Partially Routed Nets     = 0
  Number of Node Overlaps             = 0

Congestion Report
North Dir 1x1 Area, Max Cong = 36.9369%, No Congested Regions.
South Dir 1x1 Area, Max Cong = 54.0541%, No Congested Regions.
East Dir 1x1 Area, Max Cong = 48.5294%, No Congested Regions.
West Dir 1x1 Area, Max Cong = 51.4706%, No Congested Regions.

------------------------------
Reporting congestion hotspots
------------------------------
Direction: North
----------------
Congested clusters found at Level 0
Effective congestion level: 0 Aspect Ratio: 1 Sparse Ratio: 0
Direction: South
----------------
Congested clusters found at Level 0
Effective congestion level: 0 Aspect Ratio: 1 Sparse Ratio: 0
Direction: East
----------------
Congested clusters found at Level 0
Effective congestion level: 0 Aspect Ratio: 1 Sparse Ratio: 0
Direction: West
----------------
Congested clusters found at Level 0
Effective congestion level: 0 Aspect Ratio: 1 Sparse Ratio: 0

Phase 7 Route finalize | Checksum: 22f30cae9

Time (s): cpu = 00:00:42 ; elapsed = 00:00:32 . Memory (MB): peak = 1835.328 ; gain = 77.199

Phase 8 Verifying routed nets

 Verification completed successfully
Phase 8 Verifying routed nets | Checksum: 22f30cae9

Time (s): cpu = 00:00:42 ; elapsed = 00:00:32 . Memory (MB): peak = 1835.328 ; gain = 77.199

Phase 9 Depositing Routes
Phase 9 Depositing Routes | Checksum: 1656f661c

Time (s): cpu = 00:00:42 ; elapsed = 00:00:32 . Memory (MB): peak = 1835.328 ; gain = 77.199

Phase 10 Post Router Timing
INFO: [Route 35-57] Estimated Timing Summary | WNS=-0.259 | TNS=-0.357 | WHS=0.231  | THS=0.000  |

WARNING: [Route 35-328] Router estimated timing not met.
Resolution: For a complete and accurate timing signoff, report_timing_summary must be run after route_design. Alternatively, route_design can be run with the -timing_summary option to enable a complete timing signoff at the end of route_design.
Phase 10 Post Router Timing | Checksum: 1656f661c

Time (s): cpu = 00:00:42 ; elapsed = 00:00:32 . Memory (MB): peak = 1835.328 ; gain = 77.199
INFO: [Route 35-16] Router Completed Successfully

Time (s): cpu = 00:00:42 ; elapsed = 00:00:32 . Memory (MB): peak = 1835.328 ; gain = 77.199

Routing Is Done.
INFO: [Common 17-83] Releasing license: Implementation
93 Infos, 1 Warnings, 0 Critical Warnings and 0 Errors encountered.
route_design completed successfully
route_design: Time (s): cpu = 00:00:44 ; elapsed = 00:00:33 . Memory (MB): peak = 1835.328 ; gain = 88.281
INFO: [Timing 38-480] Writing timing data to binary archive.
Writing placer database...
Writing XDEF routing.
Writing XDEF routing logical nets.
Writing XDEF routing special nets.
Write XDEF Complete: Time (s): cpu = 00:00:01 ; elapsed = 00:00:00.104 . Memory (MB): peak = 1844.234 ; gain = 8.906
INFO: [Common 17-1381] The checkpoint 'C:/Users/user/Desktop/test/work/vivado/test/test.runs/impl_1/au_top_0_routed.dcp' has been generated.
INFO: [runtcl-4] Executing : report_drc -file au_top_0_drc_routed.rpt -pb au_top_0_drc_routed.pb -rpx au_top_0_drc_routed.rpx
Command: report_drc -file au_top_0_drc_routed.rpt -pb au_top_0_drc_routed.pb -rpx au_top_0_drc_routed.rpx
INFO: [IP_Flow 19-1839] IP Catalog is up to date.
INFO: [DRC 23-27] Running DRC with 2 threads
INFO: [Vivado_Tcl 2-168] The results of DRC are in file C:/Users/user/Desktop/test/work/vivado/test/test.runs/impl_1/au_top_0_drc_routed.rpt.
report_drc completed successfully
INFO: [runtcl-4] Executing : report_methodology -file au_top_0_methodology_drc_routed.rpt -pb au_top_0_methodology_drc_routed.pb -rpx au_top_0_methodology_drc_routed.rpx
Command: report_methodology -file au_top_0_methodology_drc_routed.rpt -pb au_top_0_methodology_drc_routed.pb -rpx au_top_0_methodology_drc_routed.rpx
INFO: [Timing 38-35] Done setting XDC timing constraints.
INFO: [DRC 23-133] Running Methodology with 2 threads
INFO: [Vivado_Tcl 2-1520] The results of Report Methodology are in file C:/Users/user/Desktop/test/work/vivado/test/test.runs/impl_1/au_top_0_methodology_drc_routed.rpt.
report_methodology completed successfully
INFO: [runtcl-4] Executing : report_power -file au_top_0_power_routed.rpt -pb au_top_0_power_summary_routed.pb -rpx au_top_0_power_routed.rpx
Command: report_power -file au_top_0_power_routed.rpt -pb au_top_0_power_summary_routed.pb -rpx au_top_0_power_routed.rpx
INFO: [Timing 38-35] Done setting XDC timing constraints.
Running Vector-less Activity Propagation...

Finished Running Vector-less Activity Propagation
105 Infos, 1 Warnings, 0 Critical Warnings and 0 Errors encountered.
report_power completed successfully
INFO: [runtcl-4] Executing : report_route_status -file au_top_0_route_status.rpt -pb au_top_0_route_status.pb
INFO: [runtcl-4] Executing : report_timing_summary -max_paths 10 -report_unconstrained -file au_top_0_timing_summary_routed.rpt -pb au_top_0_timing_summary_routed.pb -rpx au_top_0_timing_summary_routed.rpx -warn_on_violation 
INFO: [Timing 38-91] UpdateTimingParams: Speed grade: -1, Delay Type: min_max.
INFO: [Timing 38-191] Multithreading enabled for timing update using a maximum of 2 CPUs
CRITICAL WARNING: [Timing 38-282] The design failed to meet the timing requirements. Please see the timing summary report for details on the timing violations.
INFO: [runtcl-4] Executing : report_incremental_reuse -file au_top_0_incremental_reuse_routed.rpt
INFO: [Vivado_Tcl 4-1062] Incremental flow is disabled. No incremental reuse Info to report.
INFO: [runtcl-4] Executing : report_clock_utilization -file au_top_0_clock_utilization_routed.rpt
INFO: [runtcl-4] Executing : report_bus_skew -warn_on_violation -file au_top_0_bus_skew_routed.rpt -pb au_top_0_bus_skew_routed.pb -rpx au_top_0_bus_skew_routed.rpx
INFO: [Timing 38-91] UpdateTimingParams: Speed grade: -1, Delay Type: min_max.
INFO: [Timing 38-191] Multithreading enabled for timing update using a maximum of 2 CPUs
Command: write_bitstream -force au_top_0.bit -bin_file
Attempting to get a license for feature 'Implementation' and/or device 'xc7a35t'
INFO: [Common 17-349] Got license for feature 'Implementation' and/or device 'xc7a35t'
Running DRC as a precondition to command write_bitstream
INFO: [IP_Flow 19-1839] IP Catalog is up to date.
INFO: [DRC 23-27] Running DRC with 2 threads
INFO: [Vivado 12-3199] DRC finished with 0 Errors
INFO: [Vivado 12-3200] Please refer to the DRC report (report_drc) for more information.
INFO: [Designutils 20-2272] Running write_bitstream with 2 threads.
Loading data files...
Loading site data...
Loading route data...
Processing options...
Creating bitmap...
Creating bitstream...
Bitstream compression saved 14360512 bits.
Writing bitstream ./au_top_0.bit...
Writing bitstream ./au_top_0.bin...
INFO: [Vivado 12-1842] Bitgen Completed Successfully.
INFO: [Project 1-1876] WebTalk data collection is mandatory when using a ULT device. To see the specific WebTalk data collected for your design, open the usage_statistics_webtalk.html or usage_statistics_webtalk.xml file in the implementation directory.
INFO: [Common 17-83] Releasing license: Implementation
12 Infos, 0 Warnings, 0 Critical Warnings and 0 Errors encountered.
write_bitstream completed successfully
write_bitstream: Time (s): cpu = 00:00:12 ; elapsed = 00:00:11 . Memory (MB): peak = 2308.805 ; gain = 435.602
INFO: [Common 17-206] Exiting Vivado at Tue Mar 15 01:54:29 2022...
[Tue Mar 15 01:54:33 2022] impl_1 finished
wait_on_runs: Time (s): cpu = 00:00:00 ; elapsed = 00:01:46 . Memory (MB): peak = 1248.000 ; gain = 0.000
INFO: [Common 17-206] Exiting Vivado at Tue Mar 15 01:54:33 2022...
Vivado exited.

Finished building project.
